<?xml version="1.0" encoding="UTF-8"?>
<!-- Generated by org.testng.reporters.JUnitReportReporter -->
<testsuite hostname="MacBook-Pro-2.local" failures="0" tests="1" name="mmt.FlightPageNavigation" time="8.361" errors="0" timestamp="2024-08-04T03:26:46 IST" skipped="0">
  <testcase classname="mmt.FlightPageNavigation" name="testFlightPageNavigation" time="8.361"/>
</testsuite> <!-- mmt.FlightPageNavigation -->
